<?xml version="1.0" encoding="UTF-8"?>
<testsuites name="Beli Polis" time="59.369" tests="2" failures="0" errors="0">
   <testsuite name="Beli Polis" tests="2" failures="0" errors="0" time="59.369" skipped="0" timestamp="2023-01-12 18:25:10" hostname="Frisda Sianipar - NKC-38" id="Test Suites/Beli Polis/Beli Polis">
      <properties>
         <property name="deviceName" value=""/>
         <property name="devicePlatform" value=""/>
         <property name="logFolder" value="C:\\Users\\Frisda Sianipar\\git\\jagahujan\\Reports\\20230112_182508\\Beli Polis\\Beli Polis\\20230112_182508"/>
         <property name="logFiles" value="C:\\Users\\Frisda Sianipar\\git\\jagahujan\\Reports\\20230112_182508\\Beli Polis\\Beli Polis\\20230112_182508\\execution0.log"/>
         <property name="attachments" value=""/>
         <property name="hostName" value="Frisda Sianipar - NKC-38"/>
         <property name="os" value="Windows 10 64bit"/>
         <property name="katalonVersion" value="8.5.5.208"/>
         <property name="browser" value="Chrome 109.0.0.0"/>
         <property name="hostAddress" value="172.10.8.163"/>
         <property name="sessionId" value="7a6a1772b5280d1c68ef483a3575f80e"/>
         <property name="seleniumVersion" value="3.141.59"/>
         <property name="proxyInformation" value="ProxyInformation { proxyOption=NO_PROXY, proxyServerType=HTTP, username=, password=********, proxyServerAddress=, proxyServerPort=0, executionList=&quot;&quot;, isApplyToDesiredCapabilities=true }"/>
         <property name="platform" value="Windows 10"/>
      </properties>
      <testcase name="Test Cases/Beli Polis/Beli Polis" time="46.701" classname="Test Cases/Beli Polis/Beli Polis" status="PASSED">
         <system-out><![CDATA[2023-01-12 18:25:11 - [TEST_CASE][PASSED] - Test Cases/Beli Polis/Beli Polis: Test Cases/Beli Polis/Beli Polis

2023-01-12 18:25:11 - [TEST_STEP][PASSED] - openBrowser(""): Browser is opened with url: ''

2023-01-12 18:25:11 - [MESSAGE][INFO] - Starting 'Chrome' driver

2023-01-12 18:25:11 - [MESSAGE][INFO] - Action delay is set to 0 milliseconds

2023-01-12 18:25:15 - [MESSAGE][PASSED] - Browser is opened with url: ''

2023-01-12 18:25:15 - [TEST_STEP][PASSED] - navigateToUrl("https://jagahujan.ptape.com/"): Navigate to 'https://jagahujan.ptape.com/' successfully

2023-01-12 18:25:16 - [MESSAGE][PASSED] - Navigate to 'https://jagahujan.ptape.com/' successfully

2023-01-12 18:25:16 - [TEST_STEP][PASSED] - maximizeWindow(): Current window maximized

2023-01-12 18:25:16 - [MESSAGE][PASSED] - Current window maximized

2023-01-12 18:25:16 - [TEST_STEP][PASSED] - click(findTestObject("Object Repository/Beli Polis/a_Beli Sekarang")): Object: 'Object Repository/Beli Polis/a_Beli Sekarang' is clicked on

2023-01-12 18:25:18 - [MESSAGE][PASSED] - Object: 'Object Repository/Beli Polis/a_Beli Sekarang' is clicked on

2023-01-12 18:25:18 - [TEST_STEP][PASSED] - setText(findTestObject("Object Repository/Beli Polis/input__input-213"), "1216625607000021"): Text '1216625607000021' is set on object 'Object Repository/Beli Polis/input__input-213'

2023-01-12 18:25:20 - [MESSAGE][PASSED] - Text '1216625607000021' is set on object 'Object Repository/Beli Polis/input__input-213'

2023-01-12 18:25:20 - [TEST_STEP][PASSED] - setText(findTestObject("Object Repository/Beli Polis/input__input-216"), "Frisda"): Text 'Frisda' is set on object 'Object Repository/Beli Polis/input__input-216'

2023-01-12 18:25:21 - [MESSAGE][PASSED] - Text 'Frisda' is set on object 'Object Repository/Beli Polis/input__input-216'

2023-01-12 18:25:21 - [TEST_STEP][PASSED] - click(findTestObject("Object Repository/Beli Polis/input__input-220")): Object: 'Object Repository/Beli Polis/input__input-220' is clicked on

2023-01-12 18:25:22 - [MESSAGE][PASSED] - Object: 'Object Repository/Beli Polis/input__input-220' is clicked on

2023-01-12 18:25:22 - [TEST_STEP][PASSED] - click(findTestObject("Object Repository/Beli Polis/li_2001")): Object: 'Object Repository/Beli Polis/li_2001' is clicked on

2023-01-12 18:25:23 - [MESSAGE][PASSED] - Object: 'Object Repository/Beli Polis/li_2001' is clicked on

2023-01-12 18:25:23 - [TEST_STEP][PASSED] - click(findTestObject("Object Repository/Beli Polis/button_Jul")): Object: 'Object Repository/Beli Polis/button_Jul' is clicked on

2023-01-12 18:25:24 - [MESSAGE][PASSED] - Object: 'Object Repository/Beli Polis/button_Jul' is clicked on

2023-01-12 18:25:24 - [TEST_STEP][PASSED] - click(findTestObject("Object Repository/Beli Polis/button_16")): Object: 'Object Repository/Beli Polis/button_16' is clicked on

2023-01-12 18:25:24 - [MESSAGE][PASSED] - Object: 'Object Repository/Beli Polis/button_16' is clicked on

2023-01-12 18:25:24 - [TEST_STEP][PASSED] - setText(findTestObject("Object Repository/Beli Polis/textarea__input-7-4"), "Jakarta Selatan"): Text 'Jakarta Selatan' is set on object 'Object Repository/Beli Polis/textarea__input-7-4'

2023-01-12 18:25:26 - [MESSAGE][PASSED] - Text 'Jakarta Selatan' is set on object 'Object Repository/Beli Polis/textarea__input-7-4'

2023-01-12 18:25:26 - [TEST_STEP][PASSED] - setText(findTestObject("Object Repository/Beli Polis/input__input-226"), "82167906144"): Text '82167906144' is set on object 'Object Repository/Beli Polis/input__input-226'

2023-01-12 18:25:27 - [MESSAGE][PASSED] - Text '82167906144' is set on object 'Object Repository/Beli Polis/input__input-226'

2023-01-12 18:25:27 - [TEST_STEP][PASSED] - scrollToElement(findTestObject("Beli Polis/span_Selanjutnya"), 5): Scroll to object 'Object Repository/Beli Polis/span_Selanjutnya' successfully

2023-01-12 18:25:28 - [MESSAGE][PASSED] - Scroll to object 'Object Repository/Beli Polis/span_Selanjutnya' successfully

2023-01-12 18:25:28 - [TEST_STEP][PASSED] - click(findTestObject("Object Repository/Beli Polis/div__v-input--selection-controls__ripple")): Object: 'Object Repository/Beli Polis/div__v-input--selection-controls__ripple' is clicked on

2023-01-12 18:25:28 - [MESSAGE][PASSED] - Object: 'Object Repository/Beli Polis/div__v-input--selection-controls__ripple' is clicked on

2023-01-12 18:25:28 - [TEST_STEP][PASSED] - setText(findTestObject("Object Repository/Beli Polis/input__input-237"), "frisda.sianipar@gmail.com"): Text 'frisda.sianipar@gmail.com' is set on object 'Object Repository/Beli Polis/input__input-237'

2023-01-12 18:25:30 - [MESSAGE][PASSED] - Text 'frisda.sianipar@gmail.com' is set on object 'Object Repository/Beli Polis/input__input-237'

2023-01-12 18:25:30 - [TEST_STEP][PASSED] - click(findTestObject("Object Repository/Beli Polis/input__input-240")): Object: 'Object Repository/Beli Polis/input__input-240' is clicked on

2023-01-12 18:25:31 - [MESSAGE][PASSED] - Object: 'Object Repository/Beli Polis/input__input-240' is clicked on

2023-01-12 18:25:31 - [TEST_STEP][PASSED] - click(findTestObject("Object Repository/Beli Polis/div_Perempuan")): Object: 'Object Repository/Beli Polis/div_Perempuan' is clicked on

2023-01-12 18:25:31 - [MESSAGE][PASSED] - Object: 'Object Repository/Beli Polis/div_Perempuan' is clicked on

2023-01-12 18:25:31 - [TEST_STEP][PASSED] - click(findTestObject("Object Repository/Beli Polis/input__input-245")): Object: 'Object Repository/Beli Polis/input__input-245' is clicked on

2023-01-12 18:25:32 - [MESSAGE][PASSED] - Object: 'Object Repository/Beli Polis/input__input-245' is clicked on

2023-01-12 18:25:32 - [TEST_STEP][PASSED] - click(findTestObject("Object Repository/Beli Polis/div_DKI Jakarta")): Object: 'Object Repository/Beli Polis/div_DKI Jakarta' is clicked on

2023-01-12 18:25:33 - [MESSAGE][PASSED] - Object: 'Object Repository/Beli Polis/div_DKI Jakarta' is clicked on

2023-01-12 18:25:33 - [TEST_STEP][PASSED] - click(findTestObject("Object Repository/Beli Polis/input__input-250")): Object: 'Object Repository/Beli Polis/input__input-250' is clicked on

2023-01-12 18:25:34 - [MESSAGE][PASSED] - Object: 'Object Repository/Beli Polis/input__input-250' is clicked on

2023-01-12 18:25:34 - [TEST_STEP][PASSED] - click(findTestObject("Object Repository/Beli Polis/div_KOTA JAKARTA SELATAN")): Object: 'Object Repository/Beli Polis/div_KOTA JAKARTA SELATAN' is clicked on

2023-01-12 18:25:35 - [MESSAGE][PASSED] - Object: 'Object Repository/Beli Polis/div_KOTA JAKARTA SELATAN' is clicked on

2023-01-12 18:25:35 - [TEST_STEP][PASSED] - click(findTestObject("Object Repository/Beli Polis/span_Selanjutnya")): Object: 'Object Repository/Beli Polis/span_Selanjutnya' is clicked on

2023-01-12 18:25:36 - [MESSAGE][PASSED] - Object: 'Object Repository/Beli Polis/span_Selanjutnya' is clicked on

2023-01-12 18:25:36 - [TEST_STEP][PASSED] - click(findTestObject("Object Repository/Beli Polis/div_17")): Object: 'Object Repository/Beli Polis/div_17' is clicked on

2023-01-12 18:25:37 - [MESSAGE][PASSED] - Object: 'Object Repository/Beli Polis/div_17' is clicked on

2023-01-12 18:25:37 - [TEST_STEP][PASSED] - click(findTestObject("Object Repository/Beli Polis/div_18")): Object: 'Object Repository/Beli Polis/div_18' is clicked on

2023-01-12 18:25:43 - [MESSAGE][PASSED] - Object: 'Object Repository/Beli Polis/div_18' is clicked on

2023-01-12 18:25:43 - [TEST_STEP][PASSED] - click(findTestObject("Object Repository/Beli Polis/i_Motor_v-icon notranslate mdi mdi-circle-s_2e14ac")): Object: 'Object Repository/Beli Polis/i_Motor_v-icon notranslate mdi mdi-circle-s_2e14ac' is clicked on

2023-01-12 18:25:43 - [MESSAGE][PASSED] - Object: 'Object Repository/Beli Polis/i_Motor_v-icon notranslate mdi mdi-circle-s_2e14ac' is clicked on

2023-01-12 18:25:43 - [TEST_STEP][PASSED] - scrollToElement(findTestObject("Beli Polis/button_Selesaikan Pembelian"), 5): Scroll to object 'Object Repository/Beli Polis/button_Selesaikan Pembelian' successfully

2023-01-12 18:25:44 - [MESSAGE][PASSED] - Scroll to object 'Object Repository/Beli Polis/button_Selesaikan Pembelian' successfully

2023-01-12 18:25:44 - [TEST_STEP][PASSED] - click(findTestObject("Object Repository/Beli Polis/button_Selesaikan Pembelian")): Object: 'Object Repository/Beli Polis/button_Selesaikan Pembelian' is clicked on

2023-01-12 18:25:45 - [MESSAGE][PASSED] - Object: 'Object Repository/Beli Polis/button_Selesaikan Pembelian' is clicked on

2023-01-12 18:25:45 - [TEST_STEP][PASSED] - click(findTestObject("Object Repository/Beli Polis/div_Virtual Account")): Object: 'Object Repository/Beli Polis/div_Virtual Account' is clicked on

2023-01-12 18:25:46 - [MESSAGE][PASSED] - Object: 'Object Repository/Beli Polis/div_Virtual Account' is clicked on

2023-01-12 18:25:46 - [TEST_STEP][PASSED] - click(findTestObject("Object Repository/Beli Polis/div_BCA_v-input--selection-controls__ripple")): Object: 'Object Repository/Beli Polis/div_BCA_v-input--selection-controls__ripple' is clicked on

2023-01-12 18:25:46 - [MESSAGE][PASSED] - Object: 'Object Repository/Beli Polis/div_BCA_v-input--selection-controls__ripple' is clicked on

2023-01-12 18:25:46 - [TEST_STEP][PASSED] - click(findTestObject("Object Repository/Beli Polis/div_Bina_v-input--selection-controls__ripple")): Object: 'Object Repository/Beli Polis/div_Bina_v-input--selection-controls__ripple' is clicked on

2023-01-12 18:25:47 - [MESSAGE][PASSED] - Object: 'Object Repository/Beli Polis/div_Bina_v-input--selection-controls__ripple' is clicked on

2023-01-12 18:25:47 - [TEST_STEP][PASSED] - scrollToElement(findTestObject("Beli Polis/button_Bayar Sekarang"), 5): Scroll to object 'Object Repository/Beli Polis/button_Bayar Sekarang' successfully

2023-01-12 18:25:48 - [MESSAGE][PASSED] - Scroll to object 'Object Repository/Beli Polis/button_Bayar Sekarang' successfully

2023-01-12 18:25:48 - [TEST_STEP][PASSED] - click(findTestObject("Object Repository/Beli Polis/button_Bayar Sekarang")): Object: 'Object Repository/Beli Polis/button_Bayar Sekarang' is clicked on

2023-01-12 18:25:49 - [MESSAGE][PASSED] - Object: 'Object Repository/Beli Polis/button_Bayar Sekarang' is clicked on

2023-01-12 18:25:49 - [TEST_STEP][PASSED] - scrollToElement(findTestObject("Beli Polis/button_Selesai"), 5): Scroll to object 'Object Repository/Beli Polis/button_Selesai' successfully

2023-01-12 18:25:53 - [MESSAGE][PASSED] - Scroll to object 'Object Repository/Beli Polis/button_Selesai' successfully

2023-01-12 18:25:53 - [TEST_STEP][PASSED] - click(findTestObject("Object Repository/Beli Polis/button_Selesai")): Object: 'Object Repository/Beli Polis/button_Selesai' is clicked on

2023-01-12 18:25:54 - [MESSAGE][PASSED] - Object: 'Object Repository/Beli Polis/button_Selesai' is clicked on

2023-01-12 18:25:54 - [TEST_STEP][PASSED] - waitForElementPresent(findTestObject("Object Repository/Beli Polis/span_Satu langkah lagi pembelian kamu berhasil"), 0): Object 'Object Repository/Beli Polis/span_Satu langkah lagi pembelian kamu berhasil' is present

2023-01-12 18:25:55 - [MESSAGE][WARNING] - Timeout '0' is invalid. Using default page load timeout: '30'

2023-01-12 18:25:56 - [MESSAGE][PASSED] - Object 'Object Repository/Beli Polis/span_Satu langkah lagi pembelian kamu berhasil' is present

2023-01-12 18:25:56 - [TEST_STEP][PASSED] - click(findTestObject("Object Repository/Beli Polis/a_Kembali Ke Home")): Object: 'Object Repository/Beli Polis/a_Kembali Ke Home' is clicked on

2023-01-12 18:25:56 - [MESSAGE][PASSED] - Object: 'Object Repository/Beli Polis/a_Kembali Ke Home' is clicked on

2023-01-12 18:25:56 - [TEST_STEP][PASSED] - closeBrowser(): Browser is closed

2023-01-12 18:25:57 - [MESSAGE][PASSED] - Browser is closed]]></system-out>
         <system-err><![CDATA[]]></system-err>
      </testcase>
      <testcase name="Test Cases/Beli Polis/Negatif No. KTP -16 Karakter" time="12.401" classname="Test Cases/Beli Polis/Negatif No. KTP -16 Karakter" status="PASSED">
         <system-out><![CDATA[2023-01-12 18:25:57 - [TEST_CASE][PASSED] - Test Cases/Beli Polis/Negatif No. KTP -16 Karakter: Test Cases/Beli Polis/Negatif No. KTP -16 Karakter

2023-01-12 18:25:58 - [TEST_STEP][PASSED] - openBrowser(""): Browser is opened with url: ''

2023-01-12 18:25:58 - [MESSAGE][INFO] - Starting 'Chrome' driver

2023-01-12 18:25:58 - [MESSAGE][INFO] - Action delay is set to 0 milliseconds

2023-01-12 18:26:01 - [MESSAGE][PASSED] - Browser is opened with url: ''

2023-01-12 18:26:01 - [TEST_STEP][PASSED] - navigateToUrl("https://jagahujan.ptape.com/"): Navigate to 'https://jagahujan.ptape.com/' successfully

2023-01-12 18:26:01 - [MESSAGE][PASSED] - Navigate to 'https://jagahujan.ptape.com/' successfully

2023-01-12 18:26:01 - [TEST_STEP][PASSED] - maximizeWindow(): Current window maximized

2023-01-12 18:26:02 - [MESSAGE][PASSED] - Current window maximized

2023-01-12 18:26:02 - [TEST_STEP][PASSED] - click(findTestObject("Object Repository/Negatif Beli Polis/a_Beli Sekarang")): Object: 'Object Repository/Negatif Beli Polis/a_Beli Sekarang' is clicked on

2023-01-12 18:26:04 - [MESSAGE][PASSED] - Object: 'Object Repository/Negatif Beli Polis/a_Beli Sekarang' is clicked on

2023-01-12 18:26:04 - [TEST_STEP][PASSED] - delay(3): Delayed 3 second(s)

2023-01-12 18:26:07 - [MESSAGE][PASSED] - Delayed 3 second(s)

2023-01-12 18:26:07 - [TEST_STEP][PASSED] - setText(findTestObject("Object Repository/Negatif Beli Polis/input__input-213"), "12120207000009"): Text '12120207000009' is set on object 'Object Repository/Negatif Beli Polis/input__input-213'

2023-01-12 18:26:08 - [MESSAGE][PASSED] - Text '12120207000009' is set on object 'Object Repository/Negatif Beli Polis/input__input-213'

2023-01-12 18:26:08 - [TEST_STEP][PASSED] - verifyElementText(findTestObject("Object Repository/Negatif Beli Polis/div_Masukkan No. KTP yang benar"), "Masukkan No. KTP yang benar"): Actual text and expected text of test object 'Object Repository/Negatif Beli Polis/div_Masukkan No. KTP yang benar' are matched.

2023-01-12 18:26:09 - [MESSAGE][PASSED] - Actual text and expected text of test object 'Object Repository/Negatif Beli Polis/div_Masukkan No. KTP yang benar' are matched.

2023-01-12 18:26:09 - [TEST_STEP][PASSED] - closeBrowser(): Browser is closed

2023-01-12 18:26:10 - [MESSAGE][PASSED] - Browser is closed]]></system-out>
         <system-err><![CDATA[]]></system-err>
      </testcase>
      <system-out><![CDATA[2023-01-12 18:25:10 - [TEST_SUITE][PASSED] - Beli Polis: Test Cases/Beli Polis/Negatif No. KTP -16 Karakter]]></system-out>
      <system-err><![CDATA[]]></system-err>
   </testsuite>
</testsuites>
